<?xml version="1.0" encoding="UTF-8"?>
<testsuites name="jest tests" tests="2" failures="1" errors="0" time="26.512">
  <testsuite name="DateAPI &lt;App /&gt;" errors="0" failures="1" skipped="0" timestamp="2023-09-13T04:37:06" time="24.755" tests="2">
    <testcase classname="DateAPI &lt;App /&gt; complete app renders without crashing" name="DateAPI &lt;App /&gt; complete app renders without crashing" time="0.42">
    </testcase>
    <testcase classname="DateAPI &lt;App /&gt; check if button click splits and displays the date" name="DateAPI &lt;App /&gt; check if button click splits and displays the date" time="1.345">
      <failure>TypeError: func.apply is not a function
    at HTMLUnknownElement.callCallback (/Users/varad/Work/527983-react-date-api/node_modules/react-dom/cjs/react-dom.development.js:4164:14)
    at HTMLUnknownElement.callTheUserObjectsOperation (/Users/varad/Work/527983-react-date-api/node_modules/jsdom/lib/jsdom/living/generated/EventListener.js:26:30)
    at innerInvokeEventListeners (/Users/varad/Work/527983-react-date-api/node_modules/jsdom/lib/jsdom/living/events/EventTarget-impl.js:338:25)
    at invokeEventListeners (/Users/varad/Work/527983-react-date-api/node_modules/jsdom/lib/jsdom/living/events/EventTarget-impl.js:274:3)
    at HTMLUnknownElementImpl._dispatch (/Users/varad/Work/527983-react-date-api/node_modules/jsdom/lib/jsdom/living/events/EventTarget-impl.js:221:9)
    at HTMLUnknownElementImpl.dispatchEvent (/Users/varad/Work/527983-react-date-api/node_modules/jsdom/lib/jsdom/living/events/EventTarget-impl.js:94:17)
    at HTMLUnknownElement.dispatchEvent (/Users/varad/Work/527983-react-date-api/node_modules/jsdom/lib/jsdom/living/generated/EventTarget.js:231:34)
    at Object.apply (/Users/varad/Work/527983-react-date-api/node_modules/react-dom/cjs/react-dom.development.js:4213:16)
    at apply (/Users/varad/Work/527983-react-date-api/node_modules/react-dom/cjs/react-dom.development.js:4277:31)
    at invokeGuardedCallbackAndCatchFirstError (/Users/varad/Work/527983-react-date-api/node_modules/react-dom/cjs/react-dom.development.js:4291:25)
    at executeDispatch (/Users/varad/Work/527983-react-date-api/node_modules/react-dom/cjs/react-dom.development.js:9041:3)
    at processDispatchQueueItemsInOrder (/Users/varad/Work/527983-react-date-api/node_modules/react-dom/cjs/react-dom.development.js:9073:7)
    at processDispatchQueue (/Users/varad/Work/527983-react-date-api/node_modules/react-dom/cjs/react-dom.development.js:9086:5)
    at dispatchEventsForPlugins (/Users/varad/Work/527983-react-date-api/node_modules/react-dom/cjs/react-dom.development.js:9097:3)
    at fn (/Users/varad/Work/527983-react-date-api/node_modules/react-dom/cjs/react-dom.development.js:9288:12)
    at batchedUpdatesImpl (/Users/varad/Work/527983-react-date-api/node_modules/react-dom/cjs/react-dom.development.js:26140:12)
    at batchedUpdates (/Users/varad/Work/527983-react-date-api/node_modules/react-dom/cjs/react-dom.development.js:3991:12)
    at dispatchEventForPluginEventSystem (/Users/varad/Work/527983-react-date-api/node_modules/react-dom/cjs/react-dom.development.js:9287:3)
    at dispatchEventWithEnableCapturePhaseSelectiveHydrationWithoutDiscreteEventReplay (/Users/varad/Work/527983-react-date-api/node_modules/react-dom/cjs/react-dom.development.js:6465:5)
    at dispatchEvent (/Users/varad/Work/527983-react-date-api/node_modules/react-dom/cjs/react-dom.development.js:6457:5)
    at dispatchDiscreteEvent (/Users/varad/Work/527983-react-date-api/node_modules/react-dom/cjs/react-dom.development.js:6430:5)
    at HTMLDivElement.callTheUserObjectsOperation (/Users/varad/Work/527983-react-date-api/node_modules/jsdom/lib/jsdom/living/generated/EventListener.js:26:30)
    at innerInvokeEventListeners (/Users/varad/Work/527983-react-date-api/node_modules/jsdom/lib/jsdom/living/events/EventTarget-impl.js:338:25)
    at invokeEventListeners (/Users/varad/Work/527983-react-date-api/node_modules/jsdom/lib/jsdom/living/events/EventTarget-impl.js:274:3)
    at HTMLButtonElementImpl._dispatch (/Users/varad/Work/527983-react-date-api/node_modules/jsdom/lib/jsdom/living/events/EventTarget-impl.js:221:9)
    at HTMLButtonElementImpl.dispatchEvent (/Users/varad/Work/527983-react-date-api/node_modules/jsdom/lib/jsdom/living/events/EventTarget-impl.js:94:17)
    at HTMLButtonElement.dispatchEvent (/Users/varad/Work/527983-react-date-api/node_modules/jsdom/lib/jsdom/living/generated/EventTarget.js:231:34)
    at cb (/Users/varad/Work/527983-react-date-api/node_modules/@testing-library/dom/dist/events.js:19:20)
    at callback (/Users/varad/Work/527983-react-date-api/node_modules/@testing-library/react/dist/pure.js:93:16)
    at callback (/Users/varad/Work/527983-react-date-api/node_modules/@testing-library/react/dist/act-compat.js:47:24)
    at actImplementation (/Users/varad/Work/527983-react-date-api/node_modules/react/cjs/react.development.js:2512:16)
    at /Users/varad/Work/527983-react-date-api/node_modules/@testing-library/react/dist/act-compat.js:46:25
    at Object.eventWrapper (/Users/varad/Work/527983-react-date-api/node_modules/@testing-library/react/dist/pure.js:92:27)
    at fireEvent (/Users/varad/Work/527983-react-date-api/node_modules/@testing-library/dom/dist/events.js:12:35)
    at Function.fireEvent.&lt;computed&gt; [as click] (/Users/varad/Work/527983-react-date-api/node_modules/@testing-library/dom/dist/events.js:110:36)
    at Function.click (/Users/varad/Work/527983-react-date-api/node_modules/@testing-library/react/dist/fire-event.js:15:52)
    at Object.&lt;anonymous&gt; (/Users/varad/Work/527983-react-date-api/src/tests/App.test.js:39:13)
    at Promise.then.completed (/Users/varad/Work/527983-react-date-api/node_modules/jest-circus/build/utils.js:391:28)
    at new Promise (&lt;anonymous&gt;)
    at callAsyncCircusFn (/Users/varad/Work/527983-react-date-api/node_modules/jest-circus/build/utils.js:316:10)
    at _callCircusTest (/Users/varad/Work/527983-react-date-api/node_modules/jest-circus/build/run.js:218:40)
    at processTicksAndRejections (node:internal/process/task_queues:95:5)
    at _runTest (/Users/varad/Work/527983-react-date-api/node_modules/jest-circus/build/run.js:155:3)
    at _runTestsForDescribeBlock (/Users/varad/Work/527983-react-date-api/node_modules/jest-circus/build/run.js:66:9)
    at _runTestsForDescribeBlock (/Users/varad/Work/527983-react-date-api/node_modules/jest-circus/build/run.js:60:9)
    at run (/Users/varad/Work/527983-react-date-api/node_modules/jest-circus/build/run.js:25:3)
    at runAndTransformResultsToJestFormat (/Users/varad/Work/527983-react-date-api/node_modules/jest-circus/build/legacy-code-todo-rewrite/jestAdapterInit.js:170:21)
    at jestAdapter (/Users/varad/Work/527983-react-date-api/node_modules/jest-circus/build/legacy-code-todo-rewrite/jestAdapter.js:68:19)
    at runTestInternal (/Users/varad/Work/527983-react-date-api/node_modules/jest-runner/build/runTest.js:250:16)
    at runTest (/Users/varad/Work/527983-react-date-api/node_modules/jest-runner/build/runTest.js:310:7)
    at TestRunner.runTests (/Users/varad/Work/527983-react-date-api/node_modules/jest-runner/build/index.js:73:12)
    at TestScheduler.scheduleTests (/Users/varad/Work/527983-react-date-api/node_modules/@jest/core/build/TestScheduler.js:333:13)
    at runJest (/Users/varad/Work/527983-react-date-api/node_modules/@jest/core/build/runJest.js:404:19)
    at _run10000 (/Users/varad/Work/527983-react-date-api/node_modules/@jest/core/build/cli/index.js:320:7)
    at runCLI (/Users/varad/Work/527983-react-date-api/node_modules/@jest/core/build/cli/index.js:173:3)
    at Object.run (/Users/varad/Work/527983-react-date-api/node_modules/jest-cli/build/cli/index.js:155:37)</failure>
      <failure>Error: expect(element).toHaveTextContent()

Expected element to have text content:
  Day: 9
Received:
  Day:

Ignored nodes: comments, script, style
&lt;html&gt;
  &lt;head /&gt;
  &lt;body&gt;
    &lt;div&gt;
      &lt;div&gt;
        &lt;center&gt;
          &lt;h1&gt;
            Date API
          &lt;/h1&gt;
        &lt;/center&gt;
        &lt;center&gt;
          &lt;div
            class=&quot;button-container&quot;
          &gt;
            &lt;button
              class=&quot;MuiButtonBase-root MuiButton-root MuiButton-contained MuiButton-containedPrimary MuiButton-sizeMedium MuiButton-containedSizeMedium MuiButton-root MuiButton-contained MuiButton-containedPrimary MuiButton-sizeMedium MuiButton-containedSizeMedium css-sghohy-MuiButtonBase-root-MuiButton-root&quot;
              data-testid=&quot;date-button&quot;
              tabindex=&quot;0&quot;
              type=&quot;button&quot;
            &gt;
              Display Date
              &lt;span
                class=&quot;MuiTouchRipple-root css-8je8zh-MuiTouchRipple-root&quot;
              /&gt;
            &lt;/button&gt;
          &lt;/div&gt;
        &lt;/center&gt;
        &lt;div
          class=&quot;MuiPaper-root MuiPaper-elevation MuiPaper-rounded MuiPaper-elevation1 container css-1ps6pg7-MuiPaper-root&quot;
        &gt;
          &lt;ul
            class=&quot;MuiList-root MuiList-padding css-h4y409-MuiList-root&quot;
          &gt;
            &lt;li
              class=&quot;MuiListItem-root MuiListItem-gutters MuiListItem-padding css-1p823my-MuiListItem-root&quot;
            &gt;
              &lt;div
                class=&quot;MuiListItemText-root css-tlelie-MuiListItemText-root&quot;
                data-testid=&quot;day&quot;
              &gt;
                &lt;span
                  class=&quot;MuiTypography-root MuiTypography-body1 MuiListItemText-primary css-10hburv-MuiTypography-root&quot;
                &gt;
                  Day: 
                &lt;/span&gt;
              &lt;/div&gt;
            &lt;/li&gt;
            &lt;li
              class=&quot;MuiListItem-root MuiListItem-gutters MuiListItem-padding css-1p823my-MuiListItem-root&quot;
            &gt;
              &lt;div
                class=&quot;MuiListItemText-root css-tlelie-MuiListItemText-root&quot;
                data-testid=&quot;month&quot;
              &gt;
                &lt;span
                  class=&quot;MuiTypography-root MuiTypography-body1 MuiListItemText-primary css-10hburv-MuiTypography-root&quot;
                &gt;
                  Month: 
                &lt;/span&gt;
              &lt;/div&gt;
            &lt;/li&gt;
            &lt;li
              class=&quot;MuiListItem-root MuiListItem-gutters MuiListItem-padding css-1p823my-MuiListItem-root&quot;
            &gt;
              &lt;div
                class=&quot;MuiListItemText-root css-tlelie-MuiListItemText-root&quot;
                data-testid=&quot;year&quot;
              &gt;
                &lt;span
                  class=&quot;MuiTypography-root MuiTypography-body1 MuiListItemText-primary css-10hburv-MuiTypography-root&quot;
                &gt;
                  Year: 
                &lt;/span&gt;
              &lt;/div&gt;
            &lt;/li&gt;
          &lt;/ul&gt;
        &lt;/div&gt;
      &lt;/div&gt;
    &lt;/div&gt;
  &lt;/body&gt;
&lt;/html&gt;...
    at callback (/Users/varad/Work/527983-react-date-api/src/tests/App.test.js:41:31)
    at runWithExpensiveErrorDiagnosticsDisabled (/Users/varad/Work/527983-react-date-api/node_modules/@testing-library/dom/dist/config.js:47:12)
    at checkCallback (/Users/varad/Work/527983-react-date-api/node_modules/@testing-library/dom/dist/wait-for.js:121:76)
    at checkRealTimersCallback (/Users/varad/Work/527983-react-date-api/node_modules/@testing-library/dom/dist/wait-for.js:115:16)
    at Timeout.task [as _onTimeout] (/Users/varad/Work/527983-react-date-api/node_modules/jsdom/lib/jsdom/browser/Window.js:516:19)
    at listOnTimeout (node:internal/timers:569:17)
    at processTimers (node:internal/timers:512:7)</failure>
    </testcase>
  </testsuite>
</testsuites>